shared/build/intermediates/manifest_merge_blame_file/debug/manifest-merger-blame-debug-report.txt
1<?xml version="1.0" encoding="utf-8"?>
2<manifest xmlns:android="http://schemas.android.com/apk/res/android"
3    package="com.example.automotiveexhibition.shared" >
4
5    <uses-sdk
6        android:minSdkVersion="28"
6-->src/main/AndroidManifest.xml
7        android:targetSdkVersion="32" />
7-->src/main/AndroidManifest.xml
8
9    <application android:appCategory="audio" >
9-->src/main/AndroidManifest.xml:3:5-20:19
9-->src/main/AndroidManifest.xml:3:18-45
10        <meta-data
10-->src/main/AndroidManifest.xml:5:9-7:59
11            android:name="com.google.android.gms.car.application"
11-->src/main/AndroidManifest.xml:6:13-66
12            android:resource="@xml/automotive_app_desc" />
12-->src/main/AndroidManifest.xml:7:13-56
13
14        <!--
15         Main music service, provides media browsing and media playback services to
16         consumers through MediaBrowserService and MediaSession. Consumers connect to it through
17         MediaBrowser (for browsing) and MediaController (for playback control)
18        -->
19        <service
19-->src/main/AndroidManifest.xml:12:9-18:19
20            android:name="com.example.automotiveexhibition.shared.MyMusicService"
20-->src/main/AndroidManifest.xml:13:13-82
21            android:exported="true" >
21-->src/main/AndroidManifest.xml:14:13-36
22            <intent-filter>
22-->src/main/AndroidManifest.xml:15:13-17:29
23                <action android:name="android.media.browse.MediaBrowserService" />
23-->src/main/AndroidManifest.xml:16:17-83
23-->src/main/AndroidManifest.xml:16:25-80
24            </intent-filter>
25        </service>
26    </application>
27
28</manifest>